#-----------------------------------------------------------
# Vivado v2024.2 (64-bit)
# SW Build 5239630 on Fri Nov 08 22:35:27 MST 2024
# IP Build 5239520 on Sun Nov 10 16:12:51 MST 2024
# SharedData Build 5239561 on Fri Nov 08 14:39:27 MST 2024
# Start of session at: Mon Apr  6 22:13:33 2026
# Process ID         : 37180
# Current directory  : C:/Users/C28Benjamin.Van_den/ECE_281/ece281-lab4
# Command line       : vivado.exe -gui_launcher_event rodinguilauncherevent23200 C:\Users\C28Benjamin.Van_den\ECE_281\ece281-lab4\lab4.xpr
# Log file           : C:/Users/C28Benjamin.Van_den/ECE_281/ece281-lab4/vivado.log
# Journal file       : C:/Users/C28Benjamin.Van_den/ECE_281/ece281-lab4\vivado.jou
# Running On         : C28-2TK416010J
# Platform           : Windows Server 2016 or Windows 10
# Operating System   : 22631
# Processor Detail   : AMD Ryzen 7 PRO 7840U w/ Radeon 780M Graphics  
# CPU Frequency      : 3294 MHz
# CPU Physical cores : 8
# CPU Logical cores  : 16
# Host memory        : 33585 MB
# Swap memory        : 5100 MB
# Total Virtual      : 38685 MB
# Available Virtual  : 13733 MB
#-----------------------------------------------------------
INFO: [Common 17-1239] XILINX_LOCAL_USER_DATA is set to 'no'.
start_gui
open_project C:/Users/C28Benjamin.Van_den/ECE_281/ece281-lab4/lab4.xpr
INFO: [filemgmt 56-3] Default IP Output Path : Could not find the directory 'C:/Users/C28Benjamin.Van_den/ECE_281/ece281-lab4/lab4.gen/sources_1'.
WARNING: [filemgmt 56-3] IPUserFilesDir: Could not find the directory 'C:/Users/C28Benjamin.Van_den/ECE_281/ece281-lab4/lab4.ip_user_files'.
Scanning sources...
Finished scanning sources
INFO: [IP_Flow 19-234] Refreshing IP repositories
INFO: [IP_Flow 19-1704] No user IP repositories specified
INFO: [IP_Flow 19-2313] Loaded Vivado IP repository 'C:/Xilinx/Vivado/2024.2/data/ip'.
open_project: Time (s): cpu = 00:00:04 ; elapsed = 00:00:12 . Memory (MB): peak = 1107.914 ; gain = 54.418
update_compile_order -fileset sources_1
launch_runs impl_1 -to_step write_bitstream -jobs 8
[Mon Apr  6 22:36:29 2026] Launched synth_1...
Run output will be captured here: C:/Users/C28Benjamin.Van_den/ECE_281/ece281-lab4/lab4.runs/synth_1/runme.log
[Mon Apr  6 22:36:30 2026] Launched impl_1...
Run output will be captured here: C:/Users/C28Benjamin.Van_den/ECE_281/ece281-lab4/lab4.runs/impl_1/runme.log
open_hw_manager
connect_hw_server -allow_non_jtag
INFO: [Labtools 27-2285] Connecting to hw_server url TCP:localhost:3121
INFO: [Labtools 27-2222] Launching hw_server...
INFO: [Labtools 27-2221] Launch Output:

****** Xilinx hw_server v2024.2
  **** Build date : Oct 29 2024 at 10:25:41
    ** Copyright 1986-2022 Xilinx, Inc. All Rights Reserved.


INFO: [Labtools 27-3415] Connecting to cs_server url TCP:localhost:0
INFO: [Labtools 27-3417] Launching cs_server...
INFO: [Labtools 27-2221] Launch Output:


******** Xilinx cs_server v2024.2.0
  ****** Build date   : Oct 30 2024-12:19:07
    **** Build number : 2024.2.1730312347
      ** Copyright 2017-2022 Xilinx, Inc. All Rights Reserved.
      ** Copyright 2022-2026 Advanced Micro Devices, Inc. All Rights Reserved.



connect_hw_server: Time (s): cpu = 00:00:01 ; elapsed = 00:00:17 . Memory (MB): peak = 1160.613 ; gain = 9.535
open_hw_target
INFO: [Labtoolstcl 44-466] Opening hw_target localhost:3121/xilinx_tcf/Digilent/210183A37E70A
set_property PROGRAM.FILE {C:/Users/C28Benjamin.Van_den/ECE_281/ece281-lab4/lab4.runs/impl_1/top_basys3.bit} [get_hw_devices xc7a35t_0]
current_hw_device [get_hw_devices xc7a35t_0]
refresh_hw_device -update_hw_probes false [lindex [get_hw_devices xc7a35t_0] 0]
INFO: [Labtools 27-1434] Device xc7a35t (JTAG device index = 0) is programmed with a design that has no supported debug core(s) in it.
set_property PROBES.FILE {} [get_hw_devices xc7a35t_0]
set_property FULL_PROBES.FILE {} [get_hw_devices xc7a35t_0]
set_property PROGRAM.FILE {C:/Users/C28Benjamin.Van_den/ECE_281/ece281-lab4/lab4.runs/impl_1/top_basys3.bit} [get_hw_devices xc7a35t_0]
program_hw_devices [get_hw_devices xc7a35t_0]
INFO: [Labtools 27-3164] End of startup status: HIGH
refresh_hw_device [lindex [get_hw_devices xc7a35t_0] 0]
INFO: [Labtools 27-1434] Device xc7a35t (JTAG device index = 0) is programmed with a design that has no supported debug core(s) in it.
close_hw_manager
WARNING: [filemgmt 56-199] Attempt to get parsing info during refresh. "On-the-fly" syntax checking information may be incorrect. [C:\Users\C28Benjamin.Van_den\ECE_281\ece281-lab4\src\elevator_controller_fsm.vhd:]
WARNING: [filemgmt 56-199] Attempt to get parsing info during refresh. "On-the-fly" syntax checking information may be incorrect. [C:\Users\C28Benjamin.Van_den\ECE_281\ece281-lab4\src\top_basys3.vhd:]
WARNING: [filemgmt 56-199] Attempt to get parsing info during refresh. "On-the-fly" syntax checking information may be incorrect. [C:\Users\C28Benjamin.Van_den\ECE_281\ece281-lab4\src\elevator_controller_fsm.vhd:]
WARNING: [filemgmt 56-199] Attempt to get parsing info during refresh. "On-the-fly" syntax checking information may be incorrect. [C:\Users\C28Benjamin.Van_den\ECE_281\ece281-lab4\src\elevator_controller_fsm.vhd:]
ERROR: [Common 17-180] Spawn failed: No error
reset_run impl_1 -prev_step 
launch_runs impl_1 -to_step write_bitstream -jobs 8
[Mon Apr  6 22:53:16 2026] Launched impl_1...
Run output will be captured here: C:/Users/C28Benjamin.Van_den/ECE_281/ece281-lab4/lab4.runs/impl_1/runme.log
reset_run impl_1 -prev_step 
reset_run synth_1
INFO: [Project 1-1160] Copying file C:/Users/C28Benjamin.Van_den/ECE_281/ece281-lab4/lab4.runs/synth_1/top_basys3.dcp to C:/Users/C28Benjamin.Van_den/ECE_281/ece281-lab4/lab4.srcs/utils_1/imports/synth_1 and adding it to utils fileset
WARNING: [filemgmt 56-199] Attempt to get parsing info during refresh. "On-the-fly" syntax checking information may be incorrect. [C:\Users\C28Benjamin.Van_den\ECE_281\ece281-lab4\src\elevator_controller_fsm.vhd:]
WARNING: [filemgmt 56-199] Attempt to get parsing info during refresh. "On-the-fly" syntax checking information may be incorrect. [C:\Users\C28Benjamin.Van_den\ECE_281\ece281-lab4\src\top_basys3.vhd:]
WARNING: [filemgmt 56-199] Attempt to get parsing info during refresh. "On-the-fly" syntax checking information may be incorrect. [C:\Users\C28Benjamin.Van_den\ECE_281\ece281-lab4\src\elevator_controller_fsm.vhd:]
WARNING: [filemgmt 56-199] Attempt to get parsing info during refresh. "On-the-fly" syntax checking information may be incorrect. [C:\Users\C28Benjamin.Van_den\ECE_281\ece281-lab4\src\elevator_controller_fsm.vhd:]
ERROR: [Common 17-180] Spawn failed: No error
launch_runs synth_1 -jobs 8
[Mon Apr  6 22:54:17 2026] Launched synth_1...
Run output will be captured here: C:/Users/C28Benjamin.Van_den/ECE_281/ece281-lab4/lab4.runs/synth_1/runme.log
launch_runs impl_1 -jobs 8
[Mon Apr  6 22:55:18 2026] Launched impl_1...
Run output will be captured here: C:/Users/C28Benjamin.Van_den/ECE_281/ece281-lab4/lab4.runs/impl_1/runme.log
launch_runs impl_1 -to_step write_bitstream -jobs 8
[Mon Apr  6 22:56:28 2026] Launched impl_1...
Run output will be captured here: C:/Users/C28Benjamin.Van_den/ECE_281/ece281-lab4/lab4.runs/impl_1/runme.log
open_hw_manager
reset_run impl_1 -prev_step 
launch_runs impl_1 -to_step write_bitstream -jobs 8
[Mon Apr  6 22:57:26 2026] Launched impl_1...
Run output will be captured here: C:/Users/C28Benjamin.Van_den/ECE_281/ece281-lab4/lab4.runs/impl_1/runme.log
connect_hw_server -allow_non_jtag
INFO: [Labtools 27-2285] Connecting to hw_server url TCP:localhost:3121
INFO: [Labtools 27-2222] Launching hw_server...
INFO: [Labtools 27-2221] Launch Output:

****** Xilinx hw_server v2024.2
  **** Build date : Oct 29 2024 at 10:25:41
    ** Copyright 1986-2022 Xilinx, Inc. All Rights Reserved.


INFO: [Labtools 27-3415] Connecting to cs_server url TCP:localhost:0
INFO: [Labtools 27-3417] Launching cs_server...
INFO: [Labtools 27-2221] Launch Output:


******** Xilinx cs_server v2024.2.0
  ****** Build date   : Oct 30 2024-12:19:07
    **** Build number : 2024.2.1730312347
      ** Copyright 2017-2022 Xilinx, Inc. All Rights Reserved.
      ** Copyright 2022-2026 Advanced Micro Devices, Inc. All Rights Reserved.



connect_hw_server: Time (s): cpu = 00:00:00 ; elapsed = 00:00:15 . Memory (MB): peak = 1234.582 ; gain = 0.000
open_hw_target
INFO: [Labtoolstcl 44-466] Opening hw_target localhost:3121/xilinx_tcf/Digilent/210183A37E70A
set_property PROGRAM.FILE {C:/Users/C28Benjamin.Van_den/ECE_281/ece281-lab4/lab4.runs/impl_1/top_basys3.bit} [get_hw_devices xc7a35t_0]
current_hw_device [get_hw_devices xc7a35t_0]
refresh_hw_device -update_hw_probes false [lindex [get_hw_devices xc7a35t_0] 0]
INFO: [Labtools 27-1434] Device xc7a35t (JTAG device index = 0) is programmed with a design that has no supported debug core(s) in it.
set_property PROBES.FILE {} [get_hw_devices xc7a35t_0]
set_property FULL_PROBES.FILE {} [get_hw_devices xc7a35t_0]
set_property PROGRAM.FILE {C:/Users/C28Benjamin.Van_den/ECE_281/ece281-lab4/lab4.runs/impl_1/top_basys3.bit} [get_hw_devices xc7a35t_0]
program_hw_devices [get_hw_devices xc7a35t_0]
INFO: [Labtools 27-3164] End of startup status: HIGH
refresh_hw_device [lindex [get_hw_devices xc7a35t_0] 0]
INFO: [Labtools 27-1434] Device xc7a35t (JTAG device index = 0) is programmed with a design that has no supported debug core(s) in it.
reset_run synth_1
INFO: [Project 1-1161] Replacing file C:/Users/C28Benjamin.Van_den/ECE_281/ece281-lab4/lab4.srcs/utils_1/imports/synth_1/top_basys3.dcp with file C:/Users/C28Benjamin.Van_den/ECE_281/ece281-lab4/lab4.runs/synth_1/top_basys3.dcp
WARNING: [filemgmt 56-199] Attempt to get parsing info during refresh. "On-the-fly" syntax checking information may be incorrect. [C:\Users\C28Benjamin.Van_den\ECE_281\ece281-lab4\src\elevator_controller_fsm.vhd:]
WARNING: [filemgmt 56-199] Attempt to get parsing info during refresh. "On-the-fly" syntax checking information may be incorrect. [C:\Users\C28Benjamin.Van_den\ECE_281\ece281-lab4\src\top_basys3.vhd:]
WARNING: [filemgmt 56-199] Attempt to get parsing info during refresh. "On-the-fly" syntax checking information may be incorrect. [C:\Users\C28Benjamin.Van_den\ECE_281\ece281-lab4\src\elevator_controller_fsm.vhd:]
WARNING: [filemgmt 56-199] Attempt to get parsing info during refresh. "On-the-fly" syntax checking information may be incorrect. [C:\Users\C28Benjamin.Van_den\ECE_281\ece281-lab4\src\elevator_controller_fsm.vhd:]
WARNING: [filemgmt 56-199] Attempt to get parsing info during refresh. "On-the-fly" syntax checking information may be incorrect. [C:\Users\C28Benjamin.Van_den\ECE_281\ece281-lab4\src\elevator_controller_fsm.vhd:]
WARNING: [filemgmt 56-199] Attempt to get parsing info during refresh. "On-the-fly" syntax checking information may be incorrect. [C:\Users\C28Benjamin.Van_den\ECE_281\ece281-lab4\src\top_basys3.vhd:]
WARNING: [filemgmt 56-199] Attempt to get parsing info during refresh. "On-the-fly" syntax checking information may be incorrect. [C:\Users\C28Benjamin.Van_den\ECE_281\ece281-lab4\src\elevator_controller_fsm.vhd:]
WARNING: [filemgmt 56-199] Attempt to get parsing info during refresh. "On-the-fly" syntax checking information may be incorrect. [C:\Users\C28Benjamin.Van_den\ECE_281\ece281-lab4\src\elevator_controller_fsm.vhd:]
ERROR: [Common 17-180] Spawn failed: No error
WARNING: [filemgmt 56-199] Attempt to get parsing info during refresh. "On-the-fly" syntax checking information may be incorrect. [C:\Users\C28Benjamin.Van_den\ECE_281\ece281-lab4\src\elevator_controller_fsm.vhd:]
WARNING: [filemgmt 56-199] Attempt to get parsing info during refresh. "On-the-fly" syntax checking information may be incorrect. [C:\Users\C28Benjamin.Van_den\ECE_281\ece281-lab4\src\top_basys3.vhd:]
WARNING: [filemgmt 56-199] Attempt to get parsing info during refresh. "On-the-fly" syntax checking information may be incorrect. [C:\Users\C28Benjamin.Van_den\ECE_281\ece281-lab4\src\top_basys3.vhd:]
WARNING: [filemgmt 56-199] Attempt to get parsing info during refresh. "On-the-fly" syntax checking information may be incorrect. [C:\Users\C28Benjamin.Van_den\ECE_281\ece281-lab4\src\top_basys3.vhd:]
ERROR: [Common 17-180] Spawn failed: No error
launch_runs synth_1 -jobs 8
[Mon Apr  6 23:02:57 2026] Launched synth_1...
Run output will be captured here: C:/Users/C28Benjamin.Van_den/ECE_281/ece281-lab4/lab4.runs/synth_1/runme.log
launch_runs impl_1 -jobs 8
[Mon Apr  6 23:04:08 2026] Launched impl_1...
Run output will be captured here: C:/Users/C28Benjamin.Van_den/ECE_281/ece281-lab4/lab4.runs/impl_1/runme.log
close_hw_manager
launch_runs impl_1 -to_step write_bitstream -jobs 8
[Mon Apr  6 23:05:28 2026] Launched impl_1...
Run output will be captured here: C:/Users/C28Benjamin.Van_den/ECE_281/ece281-lab4/lab4.runs/impl_1/runme.log
open_hw_manager
connect_hw_server -allow_non_jtag
INFO: [Labtools 27-2285] Connecting to hw_server url TCP:localhost:3121
INFO: [Labtools 27-2222] Launching hw_server...
INFO: [Labtools 27-2221] Launch Output:

****** Xilinx hw_server v2024.2
  **** Build date : Oct 29 2024 at 10:25:41
    ** Copyright 1986-2022 Xilinx, Inc. All Rights Reserved.


INFO: [Labtools 27-3415] Connecting to cs_server url TCP:localhost:0
INFO: [Labtools 27-3417] Launching cs_server...
INFO: [Labtools 27-2221] Launch Output:


******** Xilinx cs_server v2024.2.0
  ****** Build date   : Oct 30 2024-12:19:07
    **** Build number : 2024.2.1730312347
      ** Copyright 2017-2022 Xilinx, Inc. All Rights Reserved.
      ** Copyright 2022-2026 Advanced Micro Devices, Inc. All Rights Reserved.



connect_hw_server: Time (s): cpu = 00:00:00 ; elapsed = 00:00:16 . Memory (MB): peak = 1249.473 ; gain = 0.000
open_hw_target
INFO: [Labtoolstcl 44-466] Opening hw_target localhost:3121/xilinx_tcf/Digilent/210183A37E70A
set_property PROGRAM.FILE {C:/Users/C28Benjamin.Van_den/ECE_281/ece281-lab4/lab4.runs/impl_1/top_basys3.bit} [get_hw_devices xc7a35t_0]
current_hw_device [get_hw_devices xc7a35t_0]
refresh_hw_device -update_hw_probes false [lindex [get_hw_devices xc7a35t_0] 0]
INFO: [Labtools 27-1434] Device xc7a35t (JTAG device index = 0) is programmed with a design that has no supported debug core(s) in it.
set_property PROBES.FILE {} [get_hw_devices xc7a35t_0]
set_property FULL_PROBES.FILE {} [get_hw_devices xc7a35t_0]
set_property PROGRAM.FILE {C:/Users/C28Benjamin.Van_den/ECE_281/ece281-lab4/lab4.runs/impl_1/top_basys3.bit} [get_hw_devices xc7a35t_0]
program_hw_devices [get_hw_devices xc7a35t_0]
INFO: [Labtools 27-3164] End of startup status: HIGH
refresh_hw_device [lindex [get_hw_devices xc7a35t_0] 0]
INFO: [Labtools 27-1434] Device xc7a35t (JTAG device index = 0) is programmed with a design that has no supported debug core(s) in it.
set_property PROBES.FILE {} [get_hw_devices xc7a35t_0]
set_property FULL_PROBES.FILE {} [get_hw_devices xc7a35t_0]
set_property PROGRAM.FILE {C:/Users/C28Benjamin.Van_den/ECE_281/ece281-lab4/lab4.runs/impl_1/top_basys3.bit} [get_hw_devices xc7a35t_0]
program_hw_devices [get_hw_devices xc7a35t_0]
INFO: [Labtools 27-3164] End of startup status: HIGH
refresh_hw_device [lindex [get_hw_devices xc7a35t_0] 0]
INFO: [Labtools 27-1434] Device xc7a35t (JTAG device index = 0) is programmed with a design that has no supported debug core(s) in it.
ERROR: [Labtoolstcl 44-513] HW Target shutdown. Closing target: localhost:3121/xilinx_tcf/Digilent/210183A37E70A
INFO: [Labtoolstcl 44-466] Opening hw_target localhost:3121/xilinx_tcf/Digilent/210183A37E70A
INFO: [Labtools 27-1434] Device xc7a35t (JTAG device index = 0) is programmed with a design that has no supported debug core(s) in it.
WARNING: [Labtoolstcl 44-129] No matching hw_ila_data was found.
set_property PROBES.FILE {} [get_hw_devices xc7a35t_0]
set_property FULL_PROBES.FILE {} [get_hw_devices xc7a35t_0]
set_property PROGRAM.FILE {C:/Users/C28Benjamin.Van_den/ECE_281/ece281-lab4/lab4.runs/impl_1/top_basys3.bit} [get_hw_devices xc7a35t_0]
program_hw_devices [get_hw_devices xc7a35t_0]
INFO: [Labtools 27-3164] End of startup status: HIGH
refresh_hw_device [lindex [get_hw_devices xc7a35t_0] 0]
INFO: [Labtools 27-1434] Device xc7a35t (JTAG device index = 0) is programmed with a design that has no supported debug core(s) in it.
WARNING: [filemgmt 56-199] Attempt to get parsing info during refresh. "On-the-fly" syntax checking information may be incorrect. [C:\Users\C28Benjamin.Van_den\ECE_281\ece281-lab4\src\elevator_controller_fsm.vhd:]
WARNING: [filemgmt 56-199] Attempt to get parsing info during refresh. "On-the-fly" syntax checking information may be incorrect. [C:\Users\C28Benjamin.Van_den\ECE_281\ece281-lab4\src\top_basys3.vhd:]
WARNING: [filemgmt 56-199] Attempt to get parsing info during refresh. "On-the-fly" syntax checking information may be incorrect. [C:\Users\C28Benjamin.Van_den\ECE_281\ece281-lab4\src\elevator_controller_fsm.vhd:]
WARNING: [filemgmt 56-199] Attempt to get parsing info during refresh. "On-the-fly" syntax checking information may be incorrect. [C:\Users\C28Benjamin.Van_den\ECE_281\ece281-lab4\src\elevator_controller_fsm.vhd:]
ERROR: [Common 17-180] Spawn failed: No error
reset_run impl_1 -prev_step 
launch_runs impl_1 -to_step write_bitstream -jobs 8
[Mon Apr  6 23:09:58 2026] Launched impl_1...
Run output will be captured here: C:/Users/C28Benjamin.Van_den/ECE_281/ece281-lab4/lab4.runs/impl_1/runme.log
reset_run synth_1
WARNING: [Vivado 12-1017] Problems encountered:
1. Couldn't access process for termination

reset_run synth_1
INFO: [Project 1-1161] Replacing file C:/Users/C28Benjamin.Van_den/ECE_281/ece281-lab4/lab4.srcs/utils_1/imports/synth_1/top_basys3.dcp with file C:/Users/C28Benjamin.Van_den/ECE_281/ece281-lab4/lab4.runs/synth_1/top_basys3.dcp
launch_runs synth_1 -jobs 8
[Mon Apr  6 23:10:11 2026] Launched synth_1...
Run output will be captured here: C:/Users/C28Benjamin.Van_den/ECE_281/ece281-lab4/lab4.runs/synth_1/runme.log
WARNING: [filemgmt 56-199] Attempt to get parsing info during refresh. "On-the-fly" syntax checking information may be incorrect. [C:\Users\C28Benjamin.Van_den\ECE_281\ece281-lab4\src\elevator_controller_fsm.vhd:]
WARNING: [filemgmt 56-199] Attempt to get parsing info during refresh. "On-the-fly" syntax checking information may be incorrect. [C:\Users\C28Benjamin.Van_den\ECE_281\ece281-lab4\src\top_basys3.vhd:]
WARNING: [filemgmt 56-199] Attempt to get parsing info during refresh. "On-the-fly" syntax checking information may be incorrect. [C:\Users\C28Benjamin.Van_den\ECE_281\ece281-lab4\src\elevator_controller_fsm.vhd:]
WARNING: [filemgmt 56-199] Attempt to get parsing info during refresh. "On-the-fly" syntax checking information may be incorrect. [C:\Users\C28Benjamin.Van_den\ECE_281\ece281-lab4\src\elevator_controller_fsm.vhd:]
ERROR: [Common 17-180] Spawn failed: No error
launch_runs impl_1 -jobs 8
[Mon Apr  6 23:11:01 2026] Launched impl_1...
Run output will be captured here: C:/Users/C28Benjamin.Van_den/ECE_281/ece281-lab4/lab4.runs/impl_1/runme.log
launch_runs impl_1 -to_step write_bitstream -jobs 8
[Mon Apr  6 23:12:15 2026] Launched impl_1...
Run output will be captured here: C:/Users/C28Benjamin.Van_den/ECE_281/ece281-lab4/lab4.runs/impl_1/runme.log
open_run impl_1
INFO: [Device 21-403] Loading part xc7a35tcpg236-1
Netlist sorting complete. Time (s): cpu = 00:00:00 ; elapsed = 00:00:00 . Memory (MB): peak = 1435.066 ; gain = 0.000
INFO: [Project 1-479] Netlist was created with Vivado 2024.2
INFO: [Project 1-570] Preparing netlist for logic optimization
Read ShapeDB Complete: Time (s): cpu = 00:00:00 ; elapsed = 00:00:00.004 . Memory (MB): peak = 1524.035 ; gain = 0.133
INFO: [Timing 38-478] Restoring timing data from binary archive.
INFO: [Timing 38-479] Binary timing data restore complete.
INFO: [Project 1-856] Restoring constraints from binary archive.
INFO: [Project 1-853] Binary constraint restore complete.
INFO: [Designutils 20-5722] Start Reading Physical Databases.
Reading placement.
Read Netlist Cache: Time (s): cpu = 00:00:00 ; elapsed = 00:00:00 . Memory (MB): peak = 2108.918 ; gain = 0.000
Reading placer database...
Read Device Cache: Time (s): cpu = 00:00:00 ; elapsed = 00:00:00.006 . Memory (MB): peak = 2108.918 ; gain = 0.000
Read PlaceDB: Time (s): cpu = 00:00:00 ; elapsed = 00:00:00.002 . Memory (MB): peak = 2108.918 ; gain = 0.000
Read PulsedLatchDB: Time (s): cpu = 00:00:00 ; elapsed = 00:00:00 . Memory (MB): peak = 2108.918 ; gain = 0.000
Reading routing.
Read RouteStorage: Time (s): cpu = 00:00:00 ; elapsed = 00:00:00.007 . Memory (MB): peak = 2108.918 ; gain = 0.000
Read Physdb Files: Time (s): cpu = 00:00:00 ; elapsed = 00:00:00.039 . Memory (MB): peak = 2108.918 ; gain = 0.000
Restored from archive | CPU: 0.000000 secs | Memory: 0.000000 MB |
Finished XDEF File Restore: Time (s): cpu = 00:00:00 ; elapsed = 00:00:00.039 . Memory (MB): peak = 2108.918 ; gain = 0.000
Netlist sorting complete. Time (s): cpu = 00:00:00 ; elapsed = 00:00:00 . Memory (MB): peak = 2108.918 ; gain = 0.000
INFO: [Project 1-111] Unisim Transformation Summary:
No Unisim elements were transformed.

open_run: Time (s): cpu = 00:00:10 ; elapsed = 00:00:17 . Memory (MB): peak = 2441.500 ; gain = 1185.145
close_design
set_property PROBES.FILE {} [get_hw_devices xc7a35t_0]
set_property FULL_PROBES.FILE {} [get_hw_devices xc7a35t_0]
set_property PROGRAM.FILE {C:/Users/C28Benjamin.Van_den/ECE_281/ece281-lab4/lab4.runs/impl_1/top_basys3.bit} [get_hw_devices xc7a35t_0]
program_hw_devices [get_hw_devices xc7a35t_0]
INFO: [Labtools 27-3164] End of startup status: HIGH
refresh_hw_device [lindex [get_hw_devices xc7a35t_0] 0]
INFO: [Labtools 27-1434] Device xc7a35t (JTAG device index = 0) is programmed with a design that has no supported debug core(s) in it.
WARNING: [filemgmt 56-199] Attempt to get parsing info during refresh. "On-the-fly" syntax checking information may be incorrect. [C:\Users\C28Benjamin.Van_den\ECE_281\ece281-lab4\src\elevator_controller_fsm.vhd:]
WARNING: [filemgmt 56-199] Attempt to get parsing info during refresh. "On-the-fly" syntax checking information may be incorrect. [C:\Users\C28Benjamin.Van_den\ECE_281\ece281-lab4\src\top_basys3.vhd:]
WARNING: [filemgmt 56-199] Attempt to get parsing info during refresh. "On-the-fly" syntax checking information may be incorrect. [C:\Users\C28Benjamin.Van_den\ECE_281\ece281-lab4\src\elevator_controller_fsm.vhd:]
WARNING: [filemgmt 56-199] Attempt to get parsing info during refresh. "On-the-fly" syntax checking information may be incorrect. [C:\Users\C28Benjamin.Van_den\ECE_281\ece281-lab4\src\elevator_controller_fsm.vhd:]
ERROR: [Common 17-180] Spawn failed: No error
reset_run impl_1 -prev_step 
launch_runs impl_1 -to_step write_bitstream -jobs 8
[Mon Apr  6 23:17:32 2026] Launched impl_1...
Run output will be captured here: C:/Users/C28Benjamin.Van_den/ECE_281/ece281-lab4/lab4.runs/impl_1/runme.log
reset_run synth_1
WARNING: [Vivado 12-1017] Problems encountered:
1. Couldn't access process for termination

reset_run synth_1
INFO: [Project 1-1161] Replacing file C:/Users/C28Benjamin.Van_den/ECE_281/ece281-lab4/lab4.srcs/utils_1/imports/synth_1/top_basys3.dcp with file C:/Users/C28Benjamin.Van_den/ECE_281/ece281-lab4/lab4.runs/synth_1/top_basys3.dcp
launch_runs synth_1 -jobs 8
[Mon Apr  6 23:17:46 2026] Launched synth_1...
Run output will be captured here: C:/Users/C28Benjamin.Van_den/ECE_281/ece281-lab4/lab4.runs/synth_1/runme.log
WARNING: [filemgmt 56-199] Attempt to get parsing info during refresh. "On-the-fly" syntax checking information may be incorrect. [C:\Users\C28Benjamin.Van_den\ECE_281\ece281-lab4\src\elevator_controller_fsm.vhd:]
WARNING: [filemgmt 56-199] Attempt to get parsing info during refresh. "On-the-fly" syntax checking information may be incorrect. [C:\Users\C28Benjamin.Van_den\ECE_281\ece281-lab4\src\top_basys3.vhd:]
WARNING: [filemgmt 56-199] Attempt to get parsing info during refresh. "On-the-fly" syntax checking information may be incorrect. [C:\Users\C28Benjamin.Van_den\ECE_281\ece281-lab4\src\elevator_controller_fsm.vhd:]
WARNING: [filemgmt 56-199] Attempt to get parsing info during refresh. "On-the-fly" syntax checking information may be incorrect. [C:\Users\C28Benjamin.Van_den\ECE_281\ece281-lab4\src\elevator_controller_fsm.vhd:]
ERROR: [Common 17-180] Spawn failed: No error
launch_runs impl_1 -jobs 8
[Mon Apr  6 23:18:34 2026] Launched impl_1...
Run output will be captured here: C:/Users/C28Benjamin.Van_den/ECE_281/ece281-lab4/lab4.runs/impl_1/runme.log
launch_runs impl_1 -to_step write_bitstream -jobs 8
[Mon Apr  6 23:19:47 2026] Launched impl_1...
Run output will be captured here: C:/Users/C28Benjamin.Van_den/ECE_281/ece281-lab4/lab4.runs/impl_1/runme.log
set_property PROBES.FILE {} [get_hw_devices xc7a35t_0]
set_property FULL_PROBES.FILE {} [get_hw_devices xc7a35t_0]
set_property PROGRAM.FILE {C:/Users/C28Benjamin.Van_den/ECE_281/ece281-lab4/lab4.runs/impl_1/top_basys3.bit} [get_hw_devices xc7a35t_0]
program_hw_devices [get_hw_devices xc7a35t_0]
INFO: [Labtools 27-3164] End of startup status: HIGH
refresh_hw_device [lindex [get_hw_devices xc7a35t_0] 0]
INFO: [Labtools 27-1434] Device xc7a35t (JTAG device index = 0) is programmed with a design that has no supported debug core(s) in it.
reset_run synth_1
INFO: [Project 1-1161] Replacing file C:/Users/C28Benjamin.Van_den/ECE_281/ece281-lab4/lab4.srcs/utils_1/imports/synth_1/top_basys3.dcp with file C:/Users/C28Benjamin.Van_den/ECE_281/ece281-lab4/lab4.runs/synth_1/top_basys3.dcp
WARNING: [filemgmt 56-199] Attempt to get parsing info during refresh. "On-the-fly" syntax checking information may be incorrect. [C:\Users\C28Benjamin.Van_den\ECE_281\ece281-lab4\src\elevator_controller_fsm.vhd:]
WARNING: [filemgmt 56-199] Attempt to get parsing info during refresh. "On-the-fly" syntax checking information may be incorrect. [C:\Users\C28Benjamin.Van_den\ECE_281\ece281-lab4\src\top_basys3.vhd:]
WARNING: [filemgmt 56-199] Attempt to get parsing info during refresh. "On-the-fly" syntax checking information may be incorrect. [C:\Users\C28Benjamin.Van_den\ECE_281\ece281-lab4\src\elevator_controller_fsm.vhd:]
WARNING: [filemgmt 56-199] Attempt to get parsing info during refresh. "On-the-fly" syntax checking information may be incorrect. [C:\Users\C28Benjamin.Van_den\ECE_281\ece281-lab4\src\elevator_controller_fsm.vhd:]
WARNING: [filemgmt 56-199] Attempt to get parsing info during refresh. "On-the-fly" syntax checking information may be incorrect. [C:\Users\C28Benjamin.Van_den\ECE_281\ece281-lab4\src\elevator_controller_fsm.vhd:]
WARNING: [filemgmt 56-199] Attempt to get parsing info during refresh. "On-the-fly" syntax checking information may be incorrect. [C:\Users\C28Benjamin.Van_den\ECE_281\ece281-lab4\src\top_basys3.vhd:]
WARNING: [filemgmt 56-199] Attempt to get parsing info during refresh. "On-the-fly" syntax checking information may be incorrect. [C:\Users\C28Benjamin.Van_den\ECE_281\ece281-lab4\src\elevator_controller_fsm.vhd:]
WARNING: [filemgmt 56-199] Attempt to get parsing info during refresh. "On-the-fly" syntax checking information may be incorrect. [C:\Users\C28Benjamin.Van_den\ECE_281\ece281-lab4\src\elevator_controller_fsm.vhd:]
ERROR: [Common 17-180] Spawn failed: No error
WARNING: [filemgmt 56-199] Attempt to get parsing info during refresh. "On-the-fly" syntax checking information may be incorrect. [C:\Users\C28Benjamin.Van_den\ECE_281\ece281-lab4\src\elevator_controller_fsm.vhd:]
WARNING: [filemgmt 56-199] Attempt to get parsing info during refresh. "On-the-fly" syntax checking information may be incorrect. [C:\Users\C28Benjamin.Van_den\ECE_281\ece281-lab4\src\top_basys3.vhd:]
WARNING: [filemgmt 56-199] Attempt to get parsing info during refresh. "On-the-fly" syntax checking information may be incorrect. [C:\Users\C28Benjamin.Van_den\ECE_281\ece281-lab4\src\top_basys3.vhd:]
WARNING: [filemgmt 56-199] Attempt to get parsing info during refresh. "On-the-fly" syntax checking information may be incorrect. [C:\Users\C28Benjamin.Van_den\ECE_281\ece281-lab4\src\top_basys3.vhd:]
ERROR: [Common 17-180] Spawn failed: No error
launch_runs synth_1 -jobs 8
[Mon Apr  6 23:26:44 2026] Launched synth_1...
Run output will be captured here: C:/Users/C28Benjamin.Van_den/ECE_281/ece281-lab4/lab4.runs/synth_1/runme.log
launch_runs impl_1 -jobs 8
[Mon Apr  6 23:27:34 2026] Launched impl_1...
Run output will be captured here: C:/Users/C28Benjamin.Van_den/ECE_281/ece281-lab4/lab4.runs/impl_1/runme.log
launch_runs impl_1 -to_step write_bitstream -jobs 8
[Mon Apr  6 23:28:40 2026] Launched impl_1...
Run output will be captured here: C:/Users/C28Benjamin.Van_den/ECE_281/ece281-lab4/lab4.runs/impl_1/runme.log
set_property PROBES.FILE {} [get_hw_devices xc7a35t_0]
set_property FULL_PROBES.FILE {} [get_hw_devices xc7a35t_0]
set_property PROGRAM.FILE {C:/Users/C28Benjamin.Van_den/ECE_281/ece281-lab4/lab4.runs/impl_1/top_basys3.bit} [get_hw_devices xc7a35t_0]
program_hw_devices [get_hw_devices xc7a35t_0]
INFO: [Labtools 27-3164] End of startup status: HIGH
refresh_hw_device [lindex [get_hw_devices xc7a35t_0] 0]
INFO: [Labtools 27-1434] Device xc7a35t (JTAG device index = 0) is programmed with a design that has no supported debug core(s) in it.
reset_run synth_1
INFO: [Project 1-1161] Replacing file C:/Users/C28Benjamin.Van_den/ECE_281/ece281-lab4/lab4.srcs/utils_1/imports/synth_1/top_basys3.dcp with file C:/Users/C28Benjamin.Van_den/ECE_281/ece281-lab4/lab4.runs/synth_1/top_basys3.dcp
WARNING: [filemgmt 56-199] Attempt to get parsing info during refresh. "On-the-fly" syntax checking information may be incorrect. [C:\Users\C28Benjamin.Van_den\ECE_281\ece281-lab4\src\elevator_controller_fsm.vhd:]
WARNING: [filemgmt 56-199] Attempt to get parsing info during refresh. "On-the-fly" syntax checking information may be incorrect. [C:\Users\C28Benjamin.Van_den\ECE_281\ece281-lab4\src\top_basys3.vhd:]
WARNING: [filemgmt 56-199] Attempt to get parsing info during refresh. "On-the-fly" syntax checking information may be incorrect. [C:\Users\C28Benjamin.Van_den\ECE_281\ece281-lab4\src\elevator_controller_fsm.vhd:]
WARNING: [filemgmt 56-199] Attempt to get parsing info during refresh. "On-the-fly" syntax checking information may be incorrect. [C:\Users\C28Benjamin.Van_den\ECE_281\ece281-lab4\src\elevator_controller_fsm.vhd:]
launch_runs synth_1 -jobs 8
ERROR: [Common 17-180] Spawn failed: No error
WARNING: [filemgmt 56-199] Attempt to get parsing info during refresh. "On-the-fly" syntax checking information may be incorrect. [C:\Users\C28Benjamin.Van_den\ECE_281\ece281-lab4\src\elevator_controller_fsm.vhd:]
WARNING: [filemgmt 56-199] Attempt to get parsing info during refresh. "On-the-fly" syntax checking information may be incorrect. [C:\Users\C28Benjamin.Van_den\ECE_281\ece281-lab4\src\top_basys3.vhd:]
WARNING: [filemgmt 56-199] Attempt to get parsing info during refresh. "On-the-fly" syntax checking information may be incorrect. [C:\Users\C28Benjamin.Van_den\ECE_281\ece281-lab4\src\elevator_controller_fsm.vhd:]
WARNING: [filemgmt 56-199] Attempt to get parsing info during refresh. "On-the-fly" syntax checking information may be incorrect. [C:\Users\C28Benjamin.Van_den\ECE_281\ece281-lab4\src\elevator_controller_fsm.vhd:]
ERROR: [Vivado 12-4756] Launch of runs aborted due to earlier errors while preparing sub-designs for run execution.
ERROR: [Common 17-180] Spawn failed: No error
launch_runs synth_1 -jobs 8
[Mon Apr  6 23:33:59 2026] Launched synth_1...
Run output will be captured here: C:/Users/C28Benjamin.Van_den/ECE_281/ece281-lab4/lab4.runs/synth_1/runme.log
launch_runs impl_1 -jobs 8
[Mon Apr  6 23:35:13 2026] Launched impl_1...
Run output will be captured here: C:/Users/C28Benjamin.Van_den/ECE_281/ece281-lab4/lab4.runs/impl_1/runme.log
launch_runs impl_1 -to_step write_bitstream -jobs 8
[Mon Apr  6 23:36:24 2026] Launched impl_1...
Run output will be captured here: C:/Users/C28Benjamin.Van_den/ECE_281/ece281-lab4/lab4.runs/impl_1/runme.log
ERROR: [Labtoolstcl 44-513] HW Target shutdown. Closing target: localhost:3121/xilinx_tcf/Digilent/210183A37E70A
INFO: [Labtoolstcl 44-466] Opening hw_target localhost:3121/xilinx_tcf/Digilent/210183A37E70A
INFO: [Labtools 27-1434] Device xc7a35t (JTAG device index = 0) is programmed with a design that has no supported debug core(s) in it.
WARNING: [Labtoolstcl 44-129] No matching hw_ila_data was found.
set_property PROBES.FILE {} [get_hw_devices xc7a35t_0]
set_property FULL_PROBES.FILE {} [get_hw_devices xc7a35t_0]
set_property PROGRAM.FILE {C:/Users/C28Benjamin.Van_den/ECE_281/ece281-lab4/lab4.runs/impl_1/top_basys3.bit} [get_hw_devices xc7a35t_0]
program_hw_devices [get_hw_devices xc7a35t_0]
INFO: [Labtools 27-3164] End of startup status: HIGH
refresh_hw_device [lindex [get_hw_devices xc7a35t_0] 0]
INFO: [Labtools 27-1434] Device xc7a35t (JTAG device index = 0) is programmed with a design that has no supported debug core(s) in it.
close_hw_manager
WARNING: [filemgmt 56-199] Attempt to get parsing info during refresh. "On-the-fly" syntax checking information may be incorrect. [C:\Users\C28Benjamin.Van_den\ECE_281\ece281-lab4\src\elevator_controller_fsm.vhd:]
WARNING: [filemgmt 56-199] Attempt to get parsing info during refresh. "On-the-fly" syntax checking information may be incorrect. [C:\Users\C28Benjamin.Van_den\ECE_281\ece281-lab4\src\top_basys3.vhd:]
WARNING: [filemgmt 56-199] Attempt to get parsing info during refresh. "On-the-fly" syntax checking information may be incorrect. [C:\Users\C28Benjamin.Van_den\ECE_281\ece281-lab4\src\elevator_controller_fsm.vhd:]
WARNING: [filemgmt 56-199] Attempt to get parsing info during refresh. "On-the-fly" syntax checking information may be incorrect. [C:\Users\C28Benjamin.Van_den\ECE_281\ece281-lab4\src\elevator_controller_fsm.vhd:]
ERROR: [Common 17-180] Spawn failed: No error
update_compile_order -fileset sources_1
reset_run synth_1
WARNING: [filemgmt 56-199] Attempt to get parsing info during refresh. "On-the-fly" syntax checking information may be incorrect. [C:\Users\C28Benjamin.Van_den\ECE_281\ece281-lab4\src\elevator_controller_fsm.vhd:]
WARNING: [filemgmt 56-199] Attempt to get parsing info during refresh. "On-the-fly" syntax checking information may be incorrect. [C:\Users\C28Benjamin.Van_den\ECE_281\ece281-lab4\src\top_basys3.vhd:]
WARNING: [filemgmt 56-199] Attempt to get parsing info during refresh. "On-the-fly" syntax checking information may be incorrect. [C:\Users\C28Benjamin.Van_den\ECE_281\ece281-lab4\src\elevator_controller_fsm.vhd:]
WARNING: [filemgmt 56-199] Attempt to get parsing info during refresh. "On-the-fly" syntax checking information may be incorrect. [C:\Users\C28Benjamin.Van_den\ECE_281\ece281-lab4\src\elevator_controller_fsm.vhd:]
INFO: [Project 1-1161] Replacing file C:/Users/C28Benjamin.Van_den/ECE_281/ece281-lab4/lab4.srcs/utils_1/imports/synth_1/top_basys3.dcp with file C:/Users/C28Benjamin.Van_den/ECE_281/ece281-lab4/lab4.runs/synth_1/top_basys3.dcp
ERROR: [Common 17-180] Spawn failed: No error
launch_runs impl_1 -to_step write_bitstream -jobs 8
WARNING: [filemgmt 56-199] Attempt to get parsing info during refresh. "On-the-fly" syntax checking information may be incorrect. [C:\Users\C28Benjamin.Van_den\ECE_281\ece281-lab4\src\elevator_controller_fsm.vhd:]
WARNING: [filemgmt 56-199] Attempt to get parsing info during refresh. "On-the-fly" syntax checking information may be incorrect. [C:\Users\C28Benjamin.Van_den\ECE_281\ece281-lab4\src\top_basys3.vhd:]
WARNING: [filemgmt 56-199] Attempt to get parsing info during refresh. "On-the-fly" syntax checking information may be incorrect. [C:\Users\C28Benjamin.Van_den\ECE_281\ece281-lab4\src\elevator_controller_fsm.vhd:]
WARNING: [filemgmt 56-199] Attempt to get parsing info during refresh. "On-the-fly" syntax checking information may be incorrect. [C:\Users\C28Benjamin.Van_den\ECE_281\ece281-lab4\src\elevator_controller_fsm.vhd:]
[Mon Apr  6 23:43:27 2026] Launched synth_1...
Run output will be captured here: C:/Users/C28Benjamin.Van_den/ECE_281/ece281-lab4/lab4.runs/synth_1/runme.log
[Mon Apr  6 23:43:28 2026] Launched impl_1...
Run output will be captured here: C:/Users/C28Benjamin.Van_den/ECE_281/ece281-lab4/lab4.runs/impl_1/runme.log
ERROR: [Common 17-180] Spawn failed: No error
open_hw_manager
connect_hw_server -allow_non_jtag
INFO: [Labtools 27-2285] Connecting to hw_server url TCP:localhost:3121
INFO: [Labtools 27-2222] Launching hw_server...
INFO: [Labtools 27-2221] Launch Output:

****** Xilinx hw_server v2024.2
  **** Build date : Oct 29 2024 at 10:25:41
    ** Copyright 1986-2022 Xilinx, Inc. All Rights Reserved.


INFO: [Labtools 27-3415] Connecting to cs_server url TCP:localhost:0
INFO: [Labtools 27-3417] Launching cs_server...
INFO: [Labtools 27-2221] Launch Output:


******** Xilinx cs_server v2024.2.0
  ****** Build date   : Oct 30 2024-12:19:07
    **** Build number : 2024.2.1730312347
      ** Copyright 2017-2022 Xilinx, Inc. All Rights Reserved.
      ** Copyright 2022-2026 Advanced Micro Devices, Inc. All Rights Reserved.



connect_hw_server: Time (s): cpu = 00:00:00 ; elapsed = 00:00:14 . Memory (MB): peak = 2472.957 ; gain = 0.000
open_hw_target
INFO: [Labtoolstcl 44-466] Opening hw_target localhost:3121/xilinx_tcf/Digilent/210183A37E70A
set_property PROGRAM.FILE {C:/Users/C28Benjamin.Van_den/ECE_281/ece281-lab4/lab4.runs/impl_1/top_basys3.bit} [get_hw_devices xc7a35t_0]
current_hw_device [get_hw_devices xc7a35t_0]
refresh_hw_device -update_hw_probes false [lindex [get_hw_devices xc7a35t_0] 0]
INFO: [Labtools 27-1434] Device xc7a35t (JTAG device index = 0) is programmed with a design that has no supported debug core(s) in it.
set_property PROBES.FILE {} [get_hw_devices xc7a35t_0]
set_property FULL_PROBES.FILE {} [get_hw_devices xc7a35t_0]
set_property PROGRAM.FILE {C:/Users/C28Benjamin.Van_den/ECE_281/ece281-lab4/lab4.runs/impl_1/top_basys3.bit} [get_hw_devices xc7a35t_0]
program_hw_devices [get_hw_devices xc7a35t_0]
INFO: [Labtools 27-3164] End of startup status: HIGH
refresh_hw_device [lindex [get_hw_devices xc7a35t_0] 0]
INFO: [Labtools 27-1434] Device xc7a35t (JTAG device index = 0) is programmed with a design that has no supported debug core(s) in it.
WARNING: [filemgmt 56-199] Attempt to get parsing info during refresh. "On-the-fly" syntax checking information may be incorrect. [C:\Users\C28Benjamin.Van_den\ECE_281\ece281-lab4\src\elevator_controller_fsm.vhd:]
WARNING: [filemgmt 56-199] Attempt to get parsing info during refresh. "On-the-fly" syntax checking information may be incorrect. [C:\Users\C28Benjamin.Van_den\ECE_281\ece281-lab4\src\top_basys3.vhd:]
WARNING: [filemgmt 56-199] Attempt to get parsing info during refresh. "On-the-fly" syntax checking information may be incorrect. [C:\Users\C28Benjamin.Van_den\ECE_281\ece281-lab4\src\elevator_controller_fsm.vhd:]
WARNING: [filemgmt 56-199] Attempt to get parsing info during refresh. "On-the-fly" syntax checking information may be incorrect. [C:\Users\C28Benjamin.Van_den\ECE_281\ece281-lab4\src\elevator_controller_fsm.vhd:]
ERROR: [Common 17-180] Spawn failed: No error
update_compile_order -fileset sources_1
WARNING: [filemgmt 56-199] Attempt to get parsing info during refresh. "On-the-fly" syntax checking information may be incorrect. [C:\Users\C28Benjamin.Van_den\ECE_281\ece281-lab4\src\elevator_controller_fsm.vhd:]
WARNING: [filemgmt 56-199] Attempt to get parsing info during refresh. "On-the-fly" syntax checking information may be incorrect. [C:\Users\C28Benjamin.Van_den\ECE_281\ece281-lab4\src\top_basys3.vhd:]
WARNING: [filemgmt 56-199] Attempt to get parsing info during refresh. "On-the-fly" syntax checking information may be incorrect. [C:\Users\C28Benjamin.Van_den\ECE_281\ece281-lab4\src\elevator_controller_fsm.vhd:]
WARNING: [filemgmt 56-199] Attempt to get parsing info during refresh. "On-the-fly" syntax checking information may be incorrect. [C:\Users\C28Benjamin.Van_den\ECE_281\ece281-lab4\src\elevator_controller_fsm.vhd:]
ERROR: [Common 17-180] Spawn failed: No error
WARNING: [filemgmt 56-199] Attempt to get parsing info during refresh. "On-the-fly" syntax checking information may be incorrect. [C:\Users\C28Benjamin.Van_den\ECE_281\ece281-lab4\src\elevator_controller_fsm.vhd:]
WARNING: [filemgmt 56-199] Attempt to get parsing info during refresh. "On-the-fly" syntax checking information may be incorrect. [C:\Users\C28Benjamin.Van_den\ECE_281\ece281-lab4\src\top_basys3.vhd:]
WARNING: [filemgmt 56-199] Attempt to get parsing info during refresh. "On-the-fly" syntax checking information may be incorrect. [C:\Users\C28Benjamin.Van_den\ECE_281\ece281-lab4\src\elevator_controller_fsm.vhd:]
WARNING: [filemgmt 56-199] Attempt to get parsing info during refresh. "On-the-fly" syntax checking information may be incorrect. [C:\Users\C28Benjamin.Van_den\ECE_281\ece281-lab4\src\elevator_controller_fsm.vhd:]
ERROR: [Common 17-180] Spawn failed: No error
reset_run synth_1
INFO: [Project 1-1161] Replacing file C:/Users/C28Benjamin.Van_den/ECE_281/ece281-lab4/lab4.srcs/utils_1/imports/synth_1/top_basys3.dcp with file C:/Users/C28Benjamin.Van_den/ECE_281/ece281-lab4/lab4.runs/synth_1/top_basys3.dcp
launch_runs impl_1 -to_step write_bitstream -jobs 8
WARNING: [filemgmt 56-199] Attempt to get parsing info during refresh. "On-the-fly" syntax checking information may be incorrect. [C:\Users\C28Benjamin.Van_den\ECE_281\ece281-lab4\src\elevator_controller_fsm.vhd:]
WARNING: [filemgmt 56-199] Attempt to get parsing info during refresh. "On-the-fly" syntax checking information may be incorrect. [C:\Users\C28Benjamin.Van_den\ECE_281\ece281-lab4\src\top_basys3.vhd:]
WARNING: [filemgmt 56-199] Attempt to get parsing info during refresh. "On-the-fly" syntax checking information may be incorrect. [C:\Users\C28Benjamin.Van_den\ECE_281\ece281-lab4\src\top_basys3.vhd:]
WARNING: [filemgmt 56-199] Attempt to get parsing info during refresh. "On-the-fly" syntax checking information may be incorrect. [C:\Users\C28Benjamin.Van_den\ECE_281\ece281-lab4\src\top_basys3.vhd:]
[Mon Apr  6 23:47:39 2026] Launched synth_1...
Run output will be captured here: C:/Users/C28Benjamin.Van_den/ECE_281/ece281-lab4/lab4.runs/synth_1/runme.log
[Mon Apr  6 23:47:40 2026] Launched impl_1...
Run output will be captured here: C:/Users/C28Benjamin.Van_den/ECE_281/ece281-lab4/lab4.runs/impl_1/runme.log
ERROR: [Common 17-180] Spawn failed: No error
WARNING: [filemgmt 56-199] Attempt to get parsing info during refresh. "On-the-fly" syntax checking information may be incorrect. [C:\Users\C28Benjamin.Van_den\ECE_281\ece281-lab4\src\elevator_controller_fsm.vhd:]
WARNING: [filemgmt 56-199] Attempt to get parsing info during refresh. "On-the-fly" syntax checking information may be incorrect. [C:\Users\C28Benjamin.Van_den\ECE_281\ece281-lab4\src\top_basys3.vhd:]
WARNING: [filemgmt 56-199] Attempt to get parsing info during refresh. "On-the-fly" syntax checking information may be incorrect. [C:\Users\C28Benjamin.Van_den\ECE_281\ece281-lab4\src\elevator_controller_fsm.vhd:]
WARNING: [filemgmt 56-199] Attempt to get parsing info during refresh. "On-the-fly" syntax checking information may be incorrect. [C:\Users\C28Benjamin.Van_den\ECE_281\ece281-lab4\src\elevator_controller_fsm.vhd:]
ERROR: [Common 17-180] Spawn failed: No error
WARNING: [filemgmt 56-199] Attempt to get parsing info during refresh. "On-the-fly" syntax checking information may be incorrect. [C:\Users\C28Benjamin.Van_den\ECE_281\ece281-lab4\src\elevator_controller_fsm.vhd:]
WARNING: [filemgmt 56-199] Attempt to get parsing info during refresh. "On-the-fly" syntax checking information may be incorrect. [C:\Users\C28Benjamin.Van_den\ECE_281\ece281-lab4\src\top_basys3.vhd:]
WARNING: [filemgmt 56-199] Attempt to get parsing info during refresh. "On-the-fly" syntax checking information may be incorrect. [C:\Users\C28Benjamin.Van_den\ECE_281\ece281-lab4\src\elevator_controller_fsm.vhd:]
WARNING: [filemgmt 56-199] Attempt to get parsing info during refresh. "On-the-fly" syntax checking information may be incorrect. [C:\Users\C28Benjamin.Van_den\ECE_281\ece281-lab4\src\elevator_controller_fsm.vhd:]
ERROR: [Common 17-180] Spawn failed: No error
update_compile_order -fileset sources_1
WARNING: [filemgmt 56-199] Attempt to get parsing info during refresh. "On-the-fly" syntax checking information may be incorrect. [C:\Users\C28Benjamin.Van_den\ECE_281\ece281-lab4\src\elevator_controller_fsm.vhd:]
WARNING: [filemgmt 56-199] Attempt to get parsing info during refresh. "On-the-fly" syntax checking information may be incorrect. [C:\Users\C28Benjamin.Van_den\ECE_281\ece281-lab4\src\top_basys3.vhd:]
WARNING: [filemgmt 56-199] Attempt to get parsing info during refresh. "On-the-fly" syntax checking information may be incorrect. [C:\Users\C28Benjamin.Van_den\ECE_281\ece281-lab4\src\elevator_controller_fsm.vhd:]
WARNING: [filemgmt 56-199] Attempt to get parsing info during refresh. "On-the-fly" syntax checking information may be incorrect. [C:\Users\C28Benjamin.Van_den\ECE_281\ece281-lab4\src\elevator_controller_fsm.vhd:]
reset_run synth_1
INFO: [Project 1-1161] Replacing file C:/Users/C28Benjamin.Van_den/ECE_281/ece281-lab4/lab4.srcs/utils_1/imports/synth_1/top_basys3.dcp with file C:/Users/C28Benjamin.Van_den/ECE_281/ece281-lab4/lab4.runs/synth_1/TDM4.dcp
ERROR: [Common 17-180] Spawn failed: No error
WARNING: [filemgmt 56-199] Attempt to get parsing info during refresh. "On-the-fly" syntax checking information may be incorrect. [C:\Users\C28Benjamin.Van_den\ECE_281\ece281-lab4\src\elevator_controller_fsm.vhd:]
WARNING: [filemgmt 56-199] Attempt to get parsing info during refresh. "On-the-fly" syntax checking information may be incorrect. [C:\Users\C28Benjamin.Van_den\ECE_281\ece281-lab4\src\top_basys3.vhd:]
WARNING: [filemgmt 56-199] Attempt to get parsing info during refresh. "On-the-fly" syntax checking information may be incorrect. [C:\Users\C28Benjamin.Van_den\ECE_281\ece281-lab4\src\elevator_controller_fsm.vhd:]
WARNING: [filemgmt 56-199] Attempt to get parsing info during refresh. "On-the-fly" syntax checking information may be incorrect. [C:\Users\C28Benjamin.Van_den\ECE_281\ece281-lab4\src\elevator_controller_fsm.vhd:]
launch_runs impl_1 -to_step write_bitstream -jobs 8
[Mon Apr  6 23:56:16 2026] Launched synth_1...
Run output will be captured here: C:/Users/C28Benjamin.Van_den/ECE_281/ece281-lab4/lab4.runs/synth_1/runme.log
[Mon Apr  6 23:56:16 2026] Launched impl_1...
Run output will be captured here: C:/Users/C28Benjamin.Van_den/ECE_281/ece281-lab4/lab4.runs/impl_1/runme.log
ERROR: [Common 17-180] Spawn failed: No error
set_property PROBES.FILE {} [get_hw_devices xc7a35t_0]
set_property FULL_PROBES.FILE {} [get_hw_devices xc7a35t_0]
set_property PROGRAM.FILE {C:/Users/C28Benjamin.Van_den/ECE_281/ece281-lab4/lab4.runs/impl_1/top_basys3.bit} [get_hw_devices xc7a35t_0]
program_hw_devices [get_hw_devices xc7a35t_0]
INFO: [Labtools 27-3164] End of startup status: HIGH
refresh_hw_device [lindex [get_hw_devices xc7a35t_0] 0]
INFO: [Labtools 27-1434] Device xc7a35t (JTAG device index = 0) is programmed with a design that has no supported debug core(s) in it.
close_hw_manager
set_property top top_basys3 [get_filesets sim_1]
set_property top_lib xil_defaultlib [get_filesets sim_1]
WARNING: [filemgmt 56-199] Attempt to get parsing info during refresh. "On-the-fly" syntax checking information may be incorrect. [C:\Users\C28Benjamin.Van_den\ECE_281\ece281-lab4\src\elevator_controller_fsm.vhd:]
WARNING: [filemgmt 56-199] Attempt to get parsing info during refresh. "On-the-fly" syntax checking information may be incorrect. [C:\Users\C28Benjamin.Van_den\ECE_281\ece281-lab4\src\top_basys3.vhd:]
WARNING: [filemgmt 56-199] Attempt to get parsing info during refresh. "On-the-fly" syntax checking information may be incorrect. [C:\Users\C28Benjamin.Van_den\ECE_281\ece281-lab4\src\elevator_controller_fsm.vhd:]
WARNING: [filemgmt 56-199] Attempt to get parsing info during refresh. "On-the-fly" syntax checking information may be incorrect. [C:\Users\C28Benjamin.Van_den\ECE_281\ece281-lab4\src\elevator_controller_fsm.vhd:]
ERROR: [Common 17-180] Spawn failed: No error
update_compile_order -fileset sim_1
WARNING: [filemgmt 56-199] Attempt to get parsing info during refresh. "On-the-fly" syntax checking information may be incorrect. [C:\Users\C28Benjamin.Van_den\ECE_281\ece281-lab4\src\elevator_controller_fsm.vhd:]
WARNING: [filemgmt 56-199] Attempt to get parsing info during refresh. "On-the-fly" syntax checking information may be incorrect. [C:\Users\C28Benjamin.Van_den\ECE_281\ece281-lab4\src\top_basys3.vhd:]
WARNING: [filemgmt 56-199] Attempt to get parsing info during refresh. "On-the-fly" syntax checking information may be incorrect. [C:\Users\C28Benjamin.Van_den\ECE_281\ece281-lab4\src\elevator_controller_fsm.vhd:]
WARNING: [filemgmt 56-199] Attempt to get parsing info during refresh. "On-the-fly" syntax checking information may be incorrect. [C:\Users\C28Benjamin.Van_den\ECE_281\ece281-lab4\src\elevator_controller_fsm.vhd:]
ERROR: [Common 17-180] Spawn failed: No error
reset_run impl_1 -prev_step 
launch_runs impl_1 -to_step write_bitstream -jobs 8
[Tue Apr  7 00:02:17 2026] Launched impl_1...
Run output will be captured here: C:/Users/C28Benjamin.Van_den/ECE_281/ece281-lab4/lab4.runs/impl_1/runme.log
open_hw_manager
connect_hw_server -allow_non_jtag
INFO: [Labtools 27-2285] Connecting to hw_server url TCP:localhost:3121
INFO: [Labtools 27-2222] Launching hw_server...
INFO: [Labtools 27-2221] Launch Output:

****** Xilinx hw_server v2024.2
  **** Build date : Oct 29 2024 at 10:25:41
    ** Copyright 1986-2022 Xilinx, Inc. All Rights Reserved.


INFO: [Labtools 27-3415] Connecting to cs_server url TCP:localhost:0
INFO: [Labtools 27-3417] Launching cs_server...
INFO: [Labtools 27-2221] Launch Output:


******** Xilinx cs_server v2024.2.0
  ****** Build date   : Oct 30 2024-12:19:07
    **** Build number : 2024.2.1730312347
      ** Copyright 2017-2022 Xilinx, Inc. All Rights Reserved.
      ** Copyright 2022-2026 Advanced Micro Devices, Inc. All Rights Reserved.



connect_hw_server: Time (s): cpu = 00:00:00 ; elapsed = 00:00:18 . Memory (MB): peak = 2472.957 ; gain = 0.000
open_hw_target
INFO: [Labtoolstcl 44-466] Opening hw_target localhost:3121/xilinx_tcf/Digilent/210183A37E70A
current_hw_device [get_hw_devices xc7a35t_0]
refresh_hw_device -update_hw_probes false [lindex [get_hw_devices xc7a35t_0] 0]
INFO: [Labtools 27-1434] Device xc7a35t (JTAG device index = 0) is programmed with a design that has no supported debug core(s) in it.
reset_run synth_1
INFO: [Project 1-1161] Replacing file C:/Users/C28Benjamin.Van_den/ECE_281/ece281-lab4/lab4.srcs/utils_1/imports/synth_1/top_basys3.dcp with file C:/Users/C28Benjamin.Van_den/ECE_281/ece281-lab4/lab4.runs/synth_1/top_basys3.dcp
WARNING: [Vivado 12-1017] Problems encountered:
1. Failed to delete one or more files in run directory C:/Users/C28Benjamin.Van_den/ECE_281/ece281-lab4/lab4.runs/synth_1

WARNING: [filemgmt 56-199] Attempt to get parsing info during refresh. "On-the-fly" syntax checking information may be incorrect. [C:\Users\C28Benjamin.Van_den\ECE_281\ece281-lab4\src\elevator_controller_fsm.vhd:]
WARNING: [filemgmt 56-199] Attempt to get parsing info during refresh. "On-the-fly" syntax checking information may be incorrect. [C:\Users\C28Benjamin.Van_den\ECE_281\ece281-lab4\src\top_basys3.vhd:]
WARNING: [filemgmt 56-199] Attempt to get parsing info during refresh. "On-the-fly" syntax checking information may be incorrect. [C:\Users\C28Benjamin.Van_den\ECE_281\ece281-lab4\src\elevator_controller_fsm.vhd:]
WARNING: [filemgmt 56-199] Attempt to get parsing info during refresh. "On-the-fly" syntax checking information may be incorrect. [C:\Users\C28Benjamin.Van_den\ECE_281\ece281-lab4\src\elevator_controller_fsm.vhd:]
launch_runs synth_1 -jobs 8
[Tue Apr  7 00:03:34 2026] Launched synth_1...
Run output will be captured here: C:/Users/C28Benjamin.Van_den/ECE_281/ece281-lab4/lab4.runs/synth_1/runme.log
ERROR: [Common 17-180] Spawn failed: No error
launch_runs impl_1 -jobs 8
[Tue Apr  7 00:04:25 2026] Launched impl_1...
Run output will be captured here: C:/Users/C28Benjamin.Van_den/ECE_281/ece281-lab4/lab4.runs/impl_1/runme.log
launch_runs impl_1 -to_step write_bitstream -jobs 8
[Tue Apr  7 00:05:32 2026] Launched impl_1...
Run output will be captured here: C:/Users/C28Benjamin.Van_den/ECE_281/ece281-lab4/lab4.runs/impl_1/runme.log
set_property PROBES.FILE {} [get_hw_devices xc7a35t_0]
set_property FULL_PROBES.FILE {} [get_hw_devices xc7a35t_0]
set_property PROGRAM.FILE {C:/Users/C28Benjamin.Van_den/ECE_281/ece281-lab4/lab4.runs/impl_1/top_basys3.bit} [get_hw_devices xc7a35t_0]
program_hw_devices [get_hw_devices xc7a35t_0]
INFO: [Labtools 27-3164] End of startup status: HIGH
refresh_hw_device [lindex [get_hw_devices xc7a35t_0] 0]
INFO: [Labtools 27-1434] Device xc7a35t (JTAG device index = 0) is programmed with a design that has no supported debug core(s) in it.
